Using pre-set license
Built from '2020.3/staging' branch; Version is '2020.3.8f1 (507919d4fff5) revision 5273881'; Using compiler version '192528614'; Build Type 'Release'
OS: 'Windows 10 Home; OS build 19043.1110; Version 2009; 64bit' Language: 'en' Physical Memory: 32712 MB
BatchMode: 1, IsHumanControllingUs: 0, StartBugReporterOnCrash: 0, Is64bit: 1, IsPro: 0

 COMMAND LINE ARGUMENTS:
D:\Program Files\2020.3.8f1\Editor\Unity.exe
-adb2
-batchMode
-noUpm
-name
AssetImportWorker0
-projectPath
D:/FILM SCHOOL/CAPSTONE/TFS-T5-F2021/T5 Artist Repo F 2021
-logFile
Logs/AssetImportWorker0.log
-srvPort
62502
Successfully changed project path to: D:/FILM SCHOOL/CAPSTONE/TFS-T5-F2021/T5 Artist Repo F 2021
D:/FILM SCHOOL/CAPSTONE/TFS-T5-F2021/T5 Artist Repo F 2021
Using Asset Import Pipeline V2.
Refreshing native plugins compatible for Editor in 45.69 ms, found 0 plugins.
Preloading 0 native plugins for Editor in 0.00 ms.
Initialize engine version: 2020.3.8f1 (507919d4fff5)
[Subsystems] Discovering subsystems at path D:/Program Files/2020.3.8f1/Editor/Data/Resources/UnitySubsystems
[Subsystems] Discovering subsystems at path D:/FILM SCHOOL/CAPSTONE/TFS-T5-F2021/T5 Artist Repo F 2021/Assets
GfxDevice: creating device client; threaded=0
Direct3D:
    Version:  Direct3D 11.0 [level 11.1]
    Renderer: NVIDIA GeForce RTX 3070 Ti (ID=0x2482)
    Vendor:   
    VRAM:     8041 MB
    Driver:   30.0.14.7141
Shader 'Universal Render Pipeline/Particles/Lit': fallback shader 'Universal Render Pipeline/Particles/SimpleLit' not found
Initialize mono
Mono path[0] = 'D:/Program Files/2020.3.8f1/Editor/Data/Managed'
Mono path[1] = 'D:/Program Files/2020.3.8f1/Editor/Data/MonoBleedingEdge/lib/mono/unityjit'
Mono config path = 'D:/Program Files/2020.3.8f1/Editor/Data/MonoBleedingEdge/etc'
Using monoOptions --debugger-agent=transport=dt_socket,embedding=1,server=y,suspend=n,address=127.0.0.1:56320
Begin MonoManager ReloadAssembly
Registering precompiled unity dll's ...
Register platform support module: D:/Program Files/2020.3.8f1/Editor/Data/PlaybackEngines/WindowsStandaloneSupport/UnityEditor.WindowsStandalone.Extensions.dll
Registered in 0.003558 seconds.
Native extension for WindowsStandalone target not found
Refreshing native plugins compatible for Editor in 46.00 ms, found 0 plugins.
Preloading 0 native plugins for Editor in 0.00 ms.
Mono: successfully reloaded assembly
- Completed reload, in  1.478 seconds
Platform modules already initialized, skipping
Registering precompiled user dll's ...
Registered in 0.002880 seconds.
Begin MonoManager ReloadAssembly
Native extension for WindowsStandalone target not found
Refreshing native plugins compatible for Editor in 46.55 ms, found 0 plugins.
Preloading 0 native plugins for Editor in 0.00 ms.
Mono: successfully reloaded assembly
- Completed reload, in  1.290 seconds
Platform modules already initialized, skipping
========================================================================
Worker process is ready to serve import requests
Shader 'Universal Render Pipeline/Particles/Lit': fallback shader 'Universal Render Pipeline/Particles/SimpleLit' not found
Launched and connected shader compiler UnityShaderCompiler.exe after 0.07 seconds
Refreshing native plugins compatible for Editor in 1.66 ms, found 0 plugins.
Preloading 0 native plugins for Editor in 0.00 ms.
Unloading 2420 Unused Serialized files (Serialized files now loaded: 0)
System memory in use before: 113.5 MB.
System memory in use after: 113.6 MB.

Unloading 10 unused Assets to reduce memory usage. Loaded Objects now: 2861.
Total: 3.108300 ms (FindLiveObjects: 0.311200 ms CreateObjectMapping: 0.061100 ms MarkObjects: 2.612300 ms  DeleteObjects: 0.122300 ms)

========================================================================
Received Import Request.
  path: Assets/Readme.asset
  artifactKey: Guid(83c2ed844a8c74b779a4c823d16594b1) Importer(815301076,1909f56bfc062723c751e8b465ee728b)
Start importing Assets/Readme.asset using Guid(83c2ed844a8c74b779a4c823d16594b1) Importer(815301076,1909f56bfc062723c751e8b465ee728b)  -> (artifact id: '7c3b9f17ff219922461d349995487975') in 0.051659 seconds
  Import took 0.056597 seconds .

========================================================================
Received Import Request.
  Time since last request: 0.000238 seconds.
  path: Assets/palm_pic3.PNG.png
  artifactKey: Guid(f918d8c1711ff5b4eb48df1a547c6d0d) Importer(815301076,1909f56bfc062723c751e8b465ee728b)
Start importing Assets/palm_pic3.PNG.png using Guid(f918d8c1711ff5b4eb48df1a547c6d0d) Importer(815301076,1909f56bfc062723c751e8b465ee728b)  -> (artifact id: '843633bef03335497fd178d1b1295067') in 0.102473 seconds
  Import took 0.106312 seconds .

========================================================================
Received Import Request.
  Time since last request: 11.600918 seconds.
  path: Assets/Scenes/SampleSceneLightingSettings.lighting
  artifactKey: Guid(477cc4148fad3449482a3bc3178594e2) Importer(815301076,1909f56bfc062723c751e8b465ee728b)
Start importing Assets/Scenes/SampleSceneLightingSettings.lighting using Guid(477cc4148fad3449482a3bc3178594e2) Importer(815301076,1909f56bfc062723c751e8b465ee728b)  -> (artifact id: 'f1d04b4920841ed9f7ea68ecc476c379') in 0.009457 seconds
  Import took 0.013686 seconds .

========================================================================
Received Import Request.
  Time since last request: 0.065207 seconds.
  path: Assets/Scenes/SampleSceneLightingSettings.lighting
  artifactKey: Guid(477cc4148fad3449482a3bc3178594e2) Importer(815301076,1909f56bfc062723c751e8b465ee728b)
Start importing Assets/Scenes/SampleSceneLightingSettings.lighting using Guid(477cc4148fad3449482a3bc3178594e2) Importer(815301076,1909f56bfc062723c751e8b465ee728b)  -> (artifact id: 'f1d04b4920841ed9f7ea68ecc476c379') in 0.003428 seconds
  Import took 0.007043 seconds .

========================================================================
Received Import Request.
  Time since last request: 1.328785 seconds.
  path: Assets/Scenes/SampleScene.unity
  artifactKey: Guid(d1c3109bdb54ad54c8a2b2838528e640) Importer(815301076,1909f56bfc062723c751e8b465ee728b)
Start importing Assets/Scenes/SampleScene.unity using Guid(d1c3109bdb54ad54c8a2b2838528e640) Importer(815301076,1909f56bfc062723c751e8b465ee728b)  -> (artifact id: '677fce05cd18f26ca3e057540d9cc0ee') in 0.010521 seconds
  Import took 0.014882 seconds .

========================================================================
Received Import Request.
  Time since last request: 95.657093 seconds.
  path: Assets/Scenes
  artifactKey: Guid(046b8747a58683b45b67aa6d8cc292e0) Importer(815301076,1909f56bfc062723c751e8b465ee728b)
Start importing Assets/Scenes using Guid(046b8747a58683b45b67aa6d8cc292e0) Importer(815301076,1909f56bfc062723c751e8b465ee728b)  -> (artifact id: '4a2b7b4e786d4684b0b6153287deaa0c') in 0.009509 seconds
  Import took 0.014312 seconds .

========================================================================
Received Import Request.
  Time since last request: 35.410900 seconds.
  path: Assets/Scenes/Crate.fbx
  artifactKey: Guid(828c7a844d5467749a36042cb214b3f1) Importer(815301076,1909f56bfc062723c751e8b465ee728b)
Start importing Assets/Scenes/Crate.fbx using Guid(828c7a844d5467749a36042cb214b3f1) Importer(815301076,1909f56bfc062723c751e8b465ee728b)  -> (artifact id: 'a4516a3a2ec35d8ac1e0f24db66ef2d1') in 0.524180 seconds
  Import took 0.528589 seconds .

========================================================================
Received Import Request.
  Time since last request: 0.000204 seconds.
  path: Assets/Scenes/Vending Machine.fbx
  artifactKey: Guid(6f46f47fb92353d4bb9643ddbea3d31f) Importer(815301076,1909f56bfc062723c751e8b465ee728b)
Start importing Assets/Scenes/Vending Machine.fbx using Guid(6f46f47fb92353d4bb9643ddbea3d31f) Importer(815301076,1909f56bfc062723c751e8b465ee728b)  -> (artifact id: '23e05f80c05b548e14aea23dd2ad0560') in 0.062655 seconds
  Import took 0.069202 seconds .

========================================================================
Received Import Request.
  Time since last request: 0.000358 seconds.
  path: Assets/Scenes/Explosive Barrels.fbx
  artifactKey: Guid(cfc9d4f149c42044493cb9edd17292e5) Importer(815301076,1909f56bfc062723c751e8b465ee728b)
Start importing Assets/Scenes/Explosive Barrels.fbx using Guid(cfc9d4f149c42044493cb9edd17292e5) Importer(815301076,1909f56bfc062723c751e8b465ee728b)  -> (artifact id: 'dd35fa12f2346a3422eafabfdef2b6aa') in 0.042436 seconds
  Import took 0.048798 seconds .

AssetImportWorkerClient::OnTransportError - code=2 error=End of file
